<?xml version="1.0" encoding="UTF-8"?>
<testsuite name="REST Project 1.Cards" tests="4" failures="1" errors="0" time="1.102"><properties><property name="java.specification.version" value="15"/><property name="sun.jnu.encoding" value="UTF-8"/><property name="java.class.path" value="/usr/local/Cellar/maven/3.6.3_1/libexec/boot/plexus-classworlds-2.6.0.jar"/><property name="sun.awt.enableExtraMouseButtons" value="true"/><property name="java.vm.vendor" value="Oracle Corporation"/><property name="sun.arch.data.model" value="64"/><property name="sun.font.fontmanager" value="sun.font.CFontManager"/><property name="java.vendor.url" value="https://openjdk.java.net/"/><property name="user.timezone" value="Europe/Moscow"/><property name="maven.conf" value="/usr/local/Cellar/maven/3.6.3_1/libexec/conf"/><property name="java.vm.specification.version" value="15"/><property name="os.name" value="Mac OS X"/><property name="sun.java.launcher" value="SUN_STANDARD"/><property name="user.country" value="RU"/><property name="sun.boot.library.path" value="/usr/local/Cellar/openjdk/15.0.1/libexec/openjdk.jdk/Contents/Home/lib"/><property name="sun.java.command" value="org.codehaus.plexus.classworlds.launcher.Launcher verify -Denv=Local-Docker"/><property name="http.nonProxyHosts" value="local|*.local|169.254/16|*.169.254/16"/><property name="jdk.debug" value="release"/><property name="maven.home" value="/usr/local/Cellar/maven/3.6.3_1/libexec"/><property name="sun.cpu.endian" value="little"/><property name="user.home" value="/Users/aleksejmozzeckov"/><property name="user.language" value="ru"/><property name="java.specification.vendor" value="Oracle Corporation"/><property name="java.version.date" value="2020-10-20"/><property name="java.home" value="/usr/local/Cellar/openjdk/15.0.1/libexec/openjdk.jdk/Contents/Home"/><property name="file.separator" value="/"/><property name="java.vm.compressedOopsMode" value="Zero based"/><property name="line.separator" value="
"/><property name="java.vm.specification.vendor" value="Oracle Corporation"/><property name="java.specification.name" value="Java Platform API Specification"/><property name="soapui.browser.disabled" value="true"/><property name="sun.management.compiler" value="HotSpot 64-Bit Tiered Compilers"/><property name="ftp.nonProxyHosts" value="local|*.local|169.254/16|*.169.254/16"/><property name="java.runtime.version" value="15.0.1+9"/><property name="user.name" value="aleksejmozzeckov"/><property name="path.separator" value=":"/><property name="os.version" value="11.0.1"/><property name="java.runtime.name" value="OpenJDK Runtime Environment"/><property name="file.encoding" value="UTF-8"/><property name="guice.disable.misplaced.annotation.check" value="true"/><property name="java.vm.name" value="OpenJDK 64-Bit Server VM"/><property name="java.vendor.url.bug" value="https://bugreport.java.com/bugreport/"/><property name="java.io.tmpdir" value="/var/folders/_4/nqz3scrn5lz68knv5n_w5vz80000gn/T/"/><property name="java.version" value="15.0.1"/><property name="user.dir" value="/Users/aleksejmozzeckov/IdeaProjects/WbSoapUI"/><property name="os.arch" value="x86_64"/><property name="maven.multiModuleProjectDirectory" value="/Users/aleksejmozzeckov/IdeaProjects/WbSoapUI"/><property name="java.vm.specification.name" value="Java Virtual Machine Specification"/><property name="env" value="Local-Docker"/><property name="java.library.path" value="/Users/aleksejmozzeckov/Library/Java/Extensions:/Library/Java/Extensions:/Network/Library/Java/Extensions:/System/Library/Java/Extensions:/usr/lib/java:."/><property name="java.vm.info" value="mixed mode, sharing"/><property name="java.vendor" value="N/A"/><property name="java.vm.version" value="15.0.1+9"/><property name="classworlds.conf" value="/usr/local/Cellar/maven/3.6.3_1/libexec/bin/m2.conf"/><property name="sun.io.unicode.encoding" value="UnicodeBig"/><property name="library.jansi.path" value="/usr/local/Cellar/maven/3.6.3_1/libexec/lib/jansi-native"/><property name="socksNonProxyHosts" value="local|*.local|169.254/16|*.169.254/16"/><property name="java.class.version" value="59.0"/></properties><testcase name="User_have_0_cards" time="0.735"/><testcase name="Linking_card" time="0.073"/><testcase name="Transaction_not_found" time="0.053"/><testcase name="Payment" time="0.241"><failure type="Cancelling due to failed test step" message="Cancelling due to failed test step"><![CDATA[<h3><b>ApplePay Failed</b></h3><pre>[Valid HTTP Status Codes] Response status code:500 is not in acceptable list of status codes
</pre><hr/>]]></failure></testcase></testsuite>